2022-08-19 15:22:15,884 [main] INFO project_cucumber_001 - *****Browser started to launch*****
2022-08-19 15:22:16,510 [main] INFO project_cucumber_001 - ****Opening the URL****
2022-08-19 15:22:19,674 [main] INFO project_cucumber_001 - ***Providing the valid login details***
2022-08-19 15:22:20,063 [main] INFO project_cucumber_001 - ****Clicking the login button****
2022-08-19 15:22:29,716 [main] INFO project_cucumber_001 - ***Initializing the addcustomerpage object***
2022-08-19 15:22:29,770 [main] INFO project_cucumber_001 - ***Getting the addcustomer page title***
2022-08-19 15:22:29,798 [main] INFO project_cucumber_001 - ****Clicking the customer menu option***
2022-08-19 15:22:32,936 [main] INFO project_cucumber_001 - ***Getting the customers option text and validating the text with expected text***
2022-08-19 15:22:32,987 [main] INFO project_cucumber_001 - ****clicking the customers option****
2022-08-19 15:22:39,072 [main] INFO project_cucumber_001 - ***Clicking the Addnew button***
2022-08-19 15:22:43,689 [main] INFO project_cucumber_001 - ***Entering the required data into the customer info ****
2022-08-19 15:23:04,379 [main] INFO project_cucumber_001 - ****Saving the details****
2022-08-19 15:23:15,375 [main] INFO project_cucumber_001 - *****Closing the browser****
2022-08-19 15:23:17,181 [main] INFO project_cucumber_001 - *****Browser started to launch*****
2022-08-19 15:23:17,185 [main] INFO project_cucumber_001 - ****Opening the URL****
2022-08-19 15:23:20,740 [main] INFO project_cucumber_001 - ***Providing the valid login details***
2022-08-19 15:23:21,045 [main] INFO project_cucumber_001 - ****Clicking the login button****
2022-08-19 15:23:27,279 [main] INFO project_cucumber_001 - ***Initializing the addcustomerpage object***
2022-08-19 15:23:27,284 [main] INFO project_cucumber_001 - ***Getting the addcustomer page title***
2022-08-19 15:23:27,306 [main] INFO project_cucumber_001 - ****Clicking the customer menu option***
2022-08-19 15:23:30,443 [main] INFO project_cucumber_001 - ***Getting the customers option text and validating the text with expected text***
2022-08-19 15:23:30,483 [main] INFO project_cucumber_001 - ****clicking the customers option****
2022-08-19 15:23:36,168 [main] INFO project_cucumber_001 - ****Initializing the SearchCustomerpage object***
2022-08-19 15:23:36,191 [main] INFO project_cucumber_001 - ***Entering the emailID to search customer***
2022-08-19 15:23:36,403 [main] INFO project_cucumber_001 - ***Clicking the search button***
2022-08-19 15:23:47,979 [main] INFO project_cucumber_001 - *****Closing the browser****
2022-08-19 15:23:49,726 [main] INFO project_cucumber_001 - *****Browser started to launch*****
2022-08-19 15:23:49,727 [main] INFO project_cucumber_001 - ****Opening the URL****
2022-08-19 15:23:53,826 [main] INFO project_cucumber_001 - ***Providing the valid login details***
2022-08-19 15:23:54,125 [main] INFO project_cucumber_001 - ****Clicking the login button****
2022-08-19 15:24:00,811 [main] INFO project_cucumber_001 - ***Initializing the addcustomerpage object***
2022-08-19 15:24:00,812 [main] INFO project_cucumber_001 - ***Getting the addcustomer page title***
2022-08-19 15:24:00,823 [main] INFO project_cucumber_001 - ****Clicking the customer menu option***
2022-08-19 15:24:03,927 [main] INFO project_cucumber_001 - ***Getting the customers option text and validating the text with expected text***
2022-08-19 15:24:03,966 [main] INFO project_cucumber_001 - ****clicking the customers option****
2022-08-19 15:24:09,686 [main] INFO project_cucumber_001 - ***Entering the firstname to search Customer***
2022-08-19 15:24:09,856 [main] INFO project_cucumber_001 - ****Entering the lastname to search Customer***
2022-08-19 15:24:10,005 [main] INFO project_cucumber_001 - ***Clicking the search button***
2022-08-19 15:24:14,132 [main] INFO project_cucumber_001 - ****Searching the customer by fullname****
2022-08-19 15:24:18,899 [main] INFO project_cucumber_001 - *****Closing the browser****
2022-08-19 15:24:20,599 [main] INFO project_cucumber_001 - *****Browser started to launch*****
2022-08-19 15:24:20,667 [main] INFO project_cucumber_001 - ****Opening the URL****
2022-08-19 15:24:23,916 [main] INFO project_cucumber_001 - ***Providing the valid login details***
2022-08-19 15:24:24,213 [main] INFO project_cucumber_001 - ****Clicking the login button****
2022-08-19 15:24:30,355 [main] INFO project_cucumber_001 - ****Getting the actual homepage title*****
2022-08-19 15:24:30,364 [main] INFO project_cucumber_001 - ****Validating the actual and Expected title of Homepage*****
2022-08-19 15:24:30,365 [main] INFO project_cucumber_001 - ***Printing the HomePage Title***
2022-08-19 15:24:30,365 [main] INFO project_cucumber_001 - ***Clicking the logout button***
2022-08-19 15:24:35,998 [main] INFO project_cucumber_001 - ***Getting the login page Title***
2022-08-19 15:24:36,007 [main] INFO project_cucumber_001 - ****Validating the actual and Expected title of Loginpage*****
2022-08-19 15:24:36,007 [main] INFO project_cucumber_001 - ****Printing the LoginPage title****
2022-08-19 15:24:36,008 [main] INFO project_cucumber_001 - ***Closing the browser***
2022-08-19 15:24:37,938 [main] INFO project_cucumber_001 - *****Browser started to launch*****
2022-08-19 15:24:37,940 [main] INFO project_cucumber_001 - ****Opening the URL****
2022-08-19 15:24:40,811 [main] INFO project_cucumber_001 - ***Providing the valid login details***
2022-08-19 15:24:41,107 [main] INFO project_cucumber_001 - ****Clicking the login button****
2022-08-19 15:24:47,538 [main] INFO project_cucumber_001 - ****Getting the actual homepage title*****
2022-08-19 15:24:47,550 [main] INFO project_cucumber_001 - ****Validating the actual and Expected title of Homepage*****
2022-08-19 15:24:47,550 [main] INFO project_cucumber_001 - ***Printing the HomePage Title***
2022-08-19 15:24:47,551 [main] INFO project_cucumber_001 - ***Clicking the logout button***
2022-08-19 15:24:53,364 [main] INFO project_cucumber_001 - ***Getting the login page Title***
2022-08-19 15:24:53,373 [main] INFO project_cucumber_001 - ****Validating the actual and Expected title of Loginpage*****
2022-08-19 15:24:53,373 [main] INFO project_cucumber_001 - ****Printing the LoginPage title****
2022-08-19 15:24:53,374 [main] INFO project_cucumber_001 - ***Closing the browser***
2022-08-19 15:24:55,166 [main] INFO project_cucumber_001 - *****Browser started to launch*****
2022-08-19 15:24:55,168 [main] INFO project_cucumber_001 - ****Opening the URL****
2022-08-19 15:24:57,884 [main] INFO project_cucumber_001 - ***Providing the valid login details***
2022-08-19 15:24:58,201 [main] INFO project_cucumber_001 - ****Clicking the login button****
2022-08-19 15:25:04,519 [main] INFO project_cucumber_001 - ****Getting the actual homepage title*****
2022-08-19 15:25:04,530 [main] INFO project_cucumber_001 - ****Validating the actual and Expected title of Homepage*****
2022-08-19 15:25:04,531 [main] INFO project_cucumber_001 - ***Printing the HomePage Title***
2022-08-19 15:25:04,531 [main] INFO project_cucumber_001 - ***Clicking the logout button***
2022-08-19 15:25:10,183 [main] INFO project_cucumber_001 - ***Getting the login page Title***
2022-08-19 15:25:10,193 [main] INFO project_cucumber_001 - ****Validating the actual and Expected title of Loginpage*****
2022-08-19 15:25:10,193 [main] INFO project_cucumber_001 - ****Printing the LoginPage title****
2022-08-19 15:25:10,193 [main] INFO project_cucumber_001 - ***Closing the browser***
2022-08-19 16:51:44,578 [main] INFO project_cucumber_001 - *****Browser started to launch*****
2022-08-19 16:51:48,858 [main] INFO project_cucumber_001 - ****Opening the URL****
2022-08-19 16:51:53,151 [main] INFO project_cucumber_001 - ***Providing the valid login details***
2022-08-19 16:51:53,526 [main] INFO project_cucumber_001 - ****Clicking the login button****
2022-08-19 16:51:59,963 [main] INFO project_cucumber_001 - ****Getting the actual homepage title*****
2022-08-19 16:51:59,977 [main] INFO project_cucumber_001 - ****Validating the actual and Expected title of Homepage*****
2022-08-19 16:51:59,982 [main] INFO project_cucumber_001 - ***Printing the HomePage Title***
2022-08-19 16:51:59,982 [main] INFO project_cucumber_001 - ***Clicking the logout button***
2022-08-19 16:52:05,660 [main] INFO project_cucumber_001 - ***Getting the login page Title***
2022-08-19 16:52:05,672 [main] INFO project_cucumber_001 - ****Validating the actual and Expected title of Loginpage*****
2022-08-19 16:52:05,673 [main] INFO project_cucumber_001 - ****Printing the LoginPage title****
2022-08-19 16:52:05,673 [main] INFO project_cucumber_001 - ***Closing the browser***
2022-08-19 16:52:05,922 [main] INFO project_cucumber_001 - *****Browser started to launch*****
2022-08-19 16:52:07,868 [main] INFO project_cucumber_001 - ****Opening the URL****
2022-08-19 16:52:11,898 [main] INFO project_cucumber_001 - ***Providing the valid login details***
2022-08-19 16:52:12,153 [main] INFO project_cucumber_001 - ****Clicking the login button****
2022-08-19 16:52:20,506 [main] INFO project_cucumber_001 - ****Getting the actual homepage title*****
2022-08-19 16:52:20,506 [main] INFO project_cucumber_001 - ****Validating the actual and Expected title of Homepage*****
2022-08-19 16:52:20,506 [main] INFO project_cucumber_001 - ***Printing the HomePage Title***
2022-08-19 16:52:20,506 [main] INFO project_cucumber_001 - ***Clicking the logout button***
2022-08-19 16:52:26,940 [main] INFO project_cucumber_001 - ***Getting the login page Title***
2022-08-19 16:52:26,940 [main] INFO project_cucumber_001 - ****Validating the actual and Expected title of Loginpage*****
2022-08-19 16:52:26,940 [main] INFO project_cucumber_001 - ****Printing the LoginPage title****
2022-08-19 16:52:26,940 [main] INFO project_cucumber_001 - ***Closing the browser***
2022-08-19 16:52:27,128 [main] INFO project_cucumber_001 - *****Browser started to launch*****
2022-08-19 16:52:28,614 [main] INFO project_cucumber_001 - ****Opening the URL****
2022-08-19 16:52:32,966 [main] INFO project_cucumber_001 - ***Providing the valid login details***
2022-08-19 16:52:33,159 [main] INFO project_cucumber_001 - ****Clicking the login button****
2022-08-19 16:52:38,967 [main] INFO project_cucumber_001 - ****Getting the actual homepage title*****
2022-08-19 16:52:38,967 [main] INFO project_cucumber_001 - ****Validating the actual and Expected title of Homepage*****
2022-08-19 16:52:38,967 [main] INFO project_cucumber_001 - ***Printing the HomePage Title***
2022-08-19 16:52:38,967 [main] INFO project_cucumber_001 - ***Clicking the logout button***
2022-08-19 16:52:45,223 [main] INFO project_cucumber_001 - ***Getting the login page Title***
2022-08-19 16:52:45,223 [main] INFO project_cucumber_001 - ****Validating the actual and Expected title of Loginpage*****
2022-08-19 16:52:45,223 [main] INFO project_cucumber_001 - ****Printing the LoginPage title****
2022-08-19 16:52:45,223 [main] INFO project_cucumber_001 - ***Closing the browser***
2022-08-19 16:57:21,705 [main] INFO project_cucumber_001 - *****Browser started to launch*****
2022-08-19 16:57:23,574 [main] INFO project_cucumber_001 - *****Browser started to launch*****
2022-08-19 16:57:24,182 [main] INFO project_cucumber_001 - *****Browser started to launch*****
2022-08-19 17:15:02,239 [main] INFO project_cucumber_001 - *****Browser started to launch*****
2022-08-19 17:15:05,342 [main] INFO project_cucumber_001 - ****Opening the URL****
2022-08-19 17:15:12,520 [main] INFO project_cucumber_001 - ***Providing the valid login details***
2022-08-19 17:15:12,729 [main] INFO project_cucumber_001 - ****Clicking the login button****
2022-08-19 17:15:19,881 [main] INFO project_cucumber_001 - ****Getting the actual homepage title*****
2022-08-19 17:15:19,881 [main] INFO project_cucumber_001 - ****Validating the actual and Expected title of Homepage*****
2022-08-19 17:15:19,881 [main] INFO project_cucumber_001 - ***Printing the HomePage Title***
2022-08-19 17:15:19,881 [main] INFO project_cucumber_001 - ***Clicking the logout button***
2022-08-19 17:15:25,562 [main] INFO project_cucumber_001 - ***Getting the login page Title***
2022-08-19 17:15:25,562 [main] INFO project_cucumber_001 - ****Validating the actual and Expected title of Loginpage*****
2022-08-19 17:15:25,562 [main] INFO project_cucumber_001 - ****Printing the LoginPage title****
2022-08-19 17:15:25,562 [main] INFO project_cucumber_001 - ***Closing the browser***
2022-08-19 17:15:25,863 [main] INFO project_cucumber_001 - *****Browser started to launch*****
2022-08-19 17:15:27,343 [main] INFO project_cucumber_001 - ****Opening the URL****
2022-08-19 17:15:31,258 [main] INFO project_cucumber_001 - ***Providing the valid login details***
2022-08-19 17:15:31,465 [main] INFO project_cucumber_001 - ****Clicking the login button****
2022-08-19 17:15:37,425 [main] INFO project_cucumber_001 - ****Getting the actual homepage title*****
2022-08-19 17:15:37,425 [main] INFO project_cucumber_001 - ****Validating the actual and Expected title of Homepage*****
2022-08-19 17:15:37,425 [main] INFO project_cucumber_001 - ***Printing the HomePage Title***
2022-08-19 17:15:37,425 [main] INFO project_cucumber_001 - ***Clicking the logout button***
2022-08-19 17:15:43,192 [main] INFO project_cucumber_001 - ***Getting the login page Title***
2022-08-19 17:15:43,195 [main] INFO project_cucumber_001 - ****Validating the actual and Expected title of Loginpage*****
2022-08-19 17:15:43,195 [main] INFO project_cucumber_001 - ****Printing the LoginPage title****
2022-08-19 17:15:43,195 [main] INFO project_cucumber_001 - ***Closing the browser***
2022-08-19 17:15:43,426 [main] INFO project_cucumber_001 - *****Browser started to launch*****
2022-08-19 17:15:45,192 [main] INFO project_cucumber_001 - ****Opening the URL****
2022-08-19 17:15:48,523 [main] INFO project_cucumber_001 - ***Providing the valid login details***
2022-08-19 17:15:48,705 [main] INFO project_cucumber_001 - ****Clicking the login button****
2022-08-19 17:15:54,766 [main] INFO project_cucumber_001 - ****Getting the actual homepage title*****
2022-08-19 17:15:54,766 [main] INFO project_cucumber_001 - ****Validating the actual and Expected title of Homepage*****
2022-08-19 17:15:54,766 [main] INFO project_cucumber_001 - ***Printing the HomePage Title***
2022-08-19 17:15:54,766 [main] INFO project_cucumber_001 - ***Clicking the logout button***
2022-08-19 17:16:00,161 [main] INFO project_cucumber_001 - ***Getting the login page Title***
2022-08-19 17:16:00,161 [main] INFO project_cucumber_001 - ****Validating the actual and Expected title of Loginpage*****
2022-08-19 17:16:00,161 [main] INFO project_cucumber_001 - ****Printing the LoginPage title****
2022-08-19 17:16:00,161 [main] INFO project_cucumber_001 - ***Closing the browser***
2022-08-19 17:19:22,659 [main] INFO project_cucumber_001 - *****Browser started to launch*****
2022-08-19 17:19:25,452 [main] INFO project_cucumber_001 - ****Opening the URL****
2022-08-19 17:19:28,881 [main] INFO project_cucumber_001 - ***Providing the valid login details***
2022-08-19 17:19:29,069 [main] INFO project_cucumber_001 - ****Clicking the login button****
2022-08-19 17:19:36,232 [main] INFO project_cucumber_001 - ****Getting the actual homepage title*****
2022-08-19 17:19:36,232 [main] INFO project_cucumber_001 - ****Validating the actual and Expected title of Homepage*****
2022-08-19 17:19:36,232 [main] INFO project_cucumber_001 - ***Printing the HomePage Title***
2022-08-19 17:19:36,232 [main] INFO project_cucumber_001 - ***Clicking the logout button***
2022-08-19 17:19:41,768 [main] INFO project_cucumber_001 - ***Getting the login page Title***
2022-08-19 17:19:41,775 [main] INFO project_cucumber_001 - ****Validating the actual and Expected title of Loginpage*****
2022-08-19 17:19:41,776 [main] INFO project_cucumber_001 - ****Printing the LoginPage title****
2022-08-19 17:19:41,776 [main] INFO project_cucumber_001 - ***Closing the browser***
2022-08-19 17:19:41,922 [main] INFO project_cucumber_001 - *****Browser started to launch*****
2022-08-19 17:19:43,577 [main] INFO project_cucumber_001 - ****Opening the URL****
2022-08-19 17:19:47,210 [main] INFO project_cucumber_001 - ***Providing the valid login details***
2022-08-19 17:19:47,396 [main] INFO project_cucumber_001 - ****Clicking the login button****
2022-08-19 17:19:54,832 [main] INFO project_cucumber_001 - ****Getting the actual homepage title*****
2022-08-19 17:19:54,832 [main] INFO project_cucumber_001 - ****Validating the actual and Expected title of Homepage*****
2022-08-19 17:19:54,832 [main] INFO project_cucumber_001 - ***Printing the HomePage Title***
2022-08-19 17:19:54,832 [main] INFO project_cucumber_001 - ***Clicking the logout button***
2022-08-19 17:20:00,381 [main] INFO project_cucumber_001 - ***Getting the login page Title***
2022-08-19 17:20:00,384 [main] INFO project_cucumber_001 - ****Validating the actual and Expected title of Loginpage*****
2022-08-19 17:20:00,384 [main] INFO project_cucumber_001 - ****Printing the LoginPage title****
2022-08-19 17:20:00,384 [main] INFO project_cucumber_001 - ***Closing the browser***
2022-08-19 17:20:00,679 [main] INFO project_cucumber_001 - *****Browser started to launch*****
2022-08-19 17:20:02,214 [main] INFO project_cucumber_001 - ****Opening the URL****
2022-08-19 17:20:04,629 [main] INFO project_cucumber_001 - ***Providing the valid login details***
2022-08-19 17:20:04,819 [main] INFO project_cucumber_001 - ****Clicking the login button****
2022-08-19 17:20:10,977 [main] INFO project_cucumber_001 - ****Getting the actual homepage title*****
2022-08-19 17:20:10,977 [main] INFO project_cucumber_001 - ****Validating the actual and Expected title of Homepage*****
2022-08-19 17:20:10,977 [main] INFO project_cucumber_001 - ***Printing the HomePage Title***
2022-08-19 17:20:10,977 [main] INFO project_cucumber_001 - ***Clicking the logout button***
2022-08-19 17:20:16,599 [main] INFO project_cucumber_001 - ***Getting the login page Title***
2022-08-19 17:20:16,601 [main] INFO project_cucumber_001 - ****Validating the actual and Expected title of Loginpage*****
2022-08-19 17:20:16,601 [main] INFO project_cucumber_001 - ****Printing the LoginPage title****
2022-08-19 17:20:16,601 [main] INFO project_cucumber_001 - ***Closing the browser***
2022-08-19 17:22:30,581 [main] INFO project_cucumber_001 - *****Browser started to launch*****
2022-08-19 17:22:33,459 [main] INFO project_cucumber_001 - ****Opening the URL****
2022-08-19 17:22:36,831 [main] INFO project_cucumber_001 - ***Providing the valid login details***
2022-08-19 17:22:37,039 [main] INFO project_cucumber_001 - ****Clicking the login button****
2022-08-19 17:22:53,453 [main] INFO project_cucumber_001 - ****Getting the actual homepage title*****
2022-08-19 17:22:53,468 [main] INFO project_cucumber_001 - ****Validating the actual and Expected title of Homepage*****
2022-08-19 17:22:53,468 [main] INFO project_cucumber_001 - ***Printing the HomePage Title***
2022-08-19 17:22:53,468 [main] INFO project_cucumber_001 - ***Clicking the logout button***
2022-08-19 17:22:59,124 [main] INFO project_cucumber_001 - ***Getting the login page Title***
2022-08-19 17:22:59,124 [main] INFO project_cucumber_001 - ****Validating the actual and Expected title of Loginpage*****
2022-08-19 17:22:59,124 [main] INFO project_cucumber_001 - ****Printing the LoginPage title****
2022-08-19 17:22:59,124 [main] INFO project_cucumber_001 - ***Closing the browser***
2022-08-19 17:23:59,177 [main] INFO project_cucumber_001 - *****Browser started to launch*****
2022-08-19 17:24:02,421 [main] INFO project_cucumber_001 - ****Opening the URL****
2022-08-19 17:24:04,493 [main] INFO project_cucumber_001 - ***Providing the valid login details***
2022-08-19 17:24:04,687 [main] INFO project_cucumber_001 - ****Clicking the login button****
2022-08-19 17:24:10,903 [main] INFO project_cucumber_001 - ****Getting the actual homepage title*****
2022-08-19 17:24:10,903 [main] INFO project_cucumber_001 - ****Validating the actual and Expected title of Homepage*****
2022-08-19 17:24:10,919 [main] INFO project_cucumber_001 - ***Printing the HomePage Title***
2022-08-19 17:24:10,919 [main] INFO project_cucumber_001 - ***Clicking the logout button***
2022-08-19 17:24:16,355 [main] INFO project_cucumber_001 - ***Getting the login page Title***
2022-08-19 17:24:16,355 [main] INFO project_cucumber_001 - ****Validating the actual and Expected title of Loginpage*****
2022-08-19 17:24:16,355 [main] INFO project_cucumber_001 - ****Printing the LoginPage title****
2022-08-19 17:24:16,355 [main] INFO project_cucumber_001 - ***Closing the browser***
2022-08-19 17:24:16,626 [main] INFO project_cucumber_001 - *****Browser started to launch*****
2022-08-19 17:24:18,120 [main] INFO project_cucumber_001 - ****Opening the URL****
2022-08-19 17:24:21,369 [main] INFO project_cucumber_001 - ***Providing the valid login details***
2022-08-19 17:24:21,553 [main] INFO project_cucumber_001 - ****Clicking the login button****
2022-08-19 17:24:29,235 [main] INFO project_cucumber_001 - ****Getting the actual homepage title*****
2022-08-19 17:24:29,235 [main] INFO project_cucumber_001 - ****Validating the actual and Expected title of Homepage*****
2022-08-19 17:24:29,235 [main] INFO project_cucumber_001 - ***Printing the HomePage Title***
2022-08-19 17:24:29,235 [main] INFO project_cucumber_001 - ***Clicking the logout button***
2022-08-19 17:24:34,637 [main] INFO project_cucumber_001 - ***Getting the login page Title***
2022-08-19 17:24:34,637 [main] INFO project_cucumber_001 - ****Validating the actual and Expected title of Loginpage*****
2022-08-19 17:24:34,637 [main] INFO project_cucumber_001 - ****Printing the LoginPage title****
2022-08-19 17:24:34,637 [main] INFO project_cucumber_001 - ***Closing the browser***
2022-08-19 17:27:13,203 [main] INFO project_cucumber_001 - *****Browser started to launch*****
2022-08-19 17:27:16,352 [main] INFO project_cucumber_001 - ****Opening the URL****
2022-08-19 17:27:19,490 [main] INFO project_cucumber_001 - ***Providing the valid login details***
2022-08-19 17:27:19,688 [main] INFO project_cucumber_001 - ****Clicking the login button****
2022-08-19 17:27:26,295 [main] INFO project_cucumber_001 - ***Initializing the addcustomerpage object***
2022-08-19 17:27:26,302 [main] INFO project_cucumber_001 - ***Getting the addcustomer page title***
2022-08-19 17:27:26,311 [main] INFO project_cucumber_001 - ****Clicking the customer menu option***
2022-08-19 17:27:29,374 [main] INFO project_cucumber_001 - ***Getting the customers option text and validating the text with expected text***
2022-08-19 17:27:29,391 [main] INFO project_cucumber_001 - ****clicking the customers option****
2022-08-19 17:27:34,700 [main] INFO project_cucumber_001 - ****Initializing the SearchCustomerpage object***
2022-08-19 17:27:34,700 [main] INFO project_cucumber_001 - ***Entering the emailID to search customer***
2022-08-19 17:27:34,844 [main] INFO project_cucumber_001 - ***Clicking the search button***
2022-08-19 17:27:45,874 [main] INFO project_cucumber_001 - *****Closing the browser****
2022-08-19 17:27:46,015 [main] INFO project_cucumber_001 - *****Browser started to launch*****
2022-08-19 17:27:47,510 [main] INFO project_cucumber_001 - ****Opening the URL****
2022-08-19 17:27:52,813 [main] INFO project_cucumber_001 - ***Providing the valid login details***
2022-08-19 17:27:52,995 [main] INFO project_cucumber_001 - ****Clicking the login button****
2022-08-19 17:27:59,568 [main] INFO project_cucumber_001 - ****Getting the actual homepage title*****
2022-08-19 17:27:59,578 [main] INFO project_cucumber_001 - ****Validating the actual and Expected title of Homepage*****
2022-08-19 17:27:59,578 [main] INFO project_cucumber_001 - ***Printing the HomePage Title***
2022-08-19 17:27:59,578 [main] INFO project_cucumber_001 - ***Clicking the logout button***
2022-08-19 17:28:05,127 [main] INFO project_cucumber_001 - ***Getting the login page Title***
2022-08-19 17:28:05,127 [main] INFO project_cucumber_001 - ****Validating the actual and Expected title of Loginpage*****
2022-08-19 17:28:05,127 [main] INFO project_cucumber_001 - ****Printing the LoginPage title****
2022-08-19 17:28:05,127 [main] INFO project_cucumber_001 - ***Closing the browser***
2022-08-20 11:59:05,540 [main] INFO project_cucumber_001 - *****Browser started to launch*****
2022-08-20 11:59:10,239 [main] INFO project_cucumber_001 - ****Opening the URL****
2022-08-20 11:59:13,410 [main] INFO project_cucumber_001 - ***Providing the valid login details***
2022-08-20 11:59:13,795 [main] INFO project_cucumber_001 - ****Clicking the login button****
2022-08-20 11:59:21,281 [main] INFO project_cucumber_001 - ***Initializing the addcustomerpage object***
2022-08-20 11:59:21,321 [main] INFO project_cucumber_001 - ***Getting the addcustomer page title***
2022-08-20 11:59:21,346 [main] INFO project_cucumber_001 - ****Clicking the customer menu option***
2022-08-20 11:59:24,463 [main] INFO project_cucumber_001 - ***Getting the customers option text and validating the text with expected text***
2022-08-20 11:59:24,522 [main] INFO project_cucumber_001 - ****clicking the customers option****
2022-08-20 11:59:30,319 [main] INFO project_cucumber_001 - ****Initializing the SearchCustomerpage object***
2022-08-20 11:59:30,324 [main] INFO project_cucumber_001 - ***Entering the emailID to search customer***
2022-08-20 11:59:30,571 [main] INFO project_cucumber_001 - ***Clicking the search button***
2022-08-20 11:59:42,084 [main] INFO project_cucumber_001 - *****Closing the browser****
2022-08-20 11:59:43,239 [main] INFO project_cucumber_001 - *****Browser started to launch*****
2022-08-20 11:59:45,026 [main] INFO project_cucumber_001 - ****Opening the URL****
2022-08-20 11:59:47,714 [main] INFO project_cucumber_001 - ***Providing the valid login details***
2022-08-20 11:59:48,035 [main] INFO project_cucumber_001 - ****Clicking the login button****
2022-08-20 11:59:54,643 [main] INFO project_cucumber_001 - ****Getting the actual homepage title*****
2022-08-20 11:59:54,655 [main] INFO project_cucumber_001 - ****Validating the actual and Expected title of Homepage*****
2022-08-20 11:59:54,655 [main] INFO project_cucumber_001 - ***Printing the HomePage Title***
2022-08-20 11:59:54,655 [main] INFO project_cucumber_001 - ***Clicking the logout button***
2022-08-20 12:00:00,536 [main] INFO project_cucumber_001 - ***Getting the login page Title***
2022-08-20 12:00:00,546 [main] INFO project_cucumber_001 - ****Validating the actual and Expected title of Loginpage*****
2022-08-20 12:00:00,546 [main] INFO project_cucumber_001 - ****Printing the LoginPage title****
2022-08-20 12:00:00,546 [main] INFO project_cucumber_001 - ***Closing the browser***
2022-08-20 12:07:02,141 [main] INFO project_cucumber_001 - *****Browser started to launch*****
2022-08-20 12:07:05,796 [main] INFO project_cucumber_001 - ****Opening the URL****
2022-08-20 12:07:20,330 [main] INFO project_cucumber_001 - ***Providing the valid login details***
2022-08-20 12:07:20,693 [main] INFO project_cucumber_001 - ****Clicking the login button****
2022-08-20 12:07:32,598 [main] INFO project_cucumber_001 - ***Initializing the addcustomerpage object***
2022-08-20 12:07:32,611 [main] INFO project_cucumber_001 - ***Getting the addcustomer page title***
2022-08-20 12:07:32,628 [main] INFO project_cucumber_001 - ****Clicking the customer menu option***
2022-08-20 12:07:35,766 [main] INFO project_cucumber_001 - ***Getting the customers option text and validating the text with expected text***
2022-08-20 12:07:35,859 [main] INFO project_cucumber_001 - ****clicking the customers option****
2022-08-20 12:07:42,354 [main] INFO project_cucumber_001 - ****Initializing the SearchCustomerpage object***
2022-08-20 12:07:42,364 [main] INFO project_cucumber_001 - ***Entering the emailID to search customer***
2022-08-20 12:07:42,631 [main] INFO project_cucumber_001 - ***Clicking the search button***
2022-08-20 12:07:54,558 [main] INFO project_cucumber_001 - *****Closing the browser****
2022-08-20 12:07:57,117 [main] INFO project_cucumber_001 - *****Browser started to launch*****
2022-08-20 12:07:58,789 [main] INFO project_cucumber_001 - ****Opening the URL****
2022-08-20 12:08:01,719 [main] INFO project_cucumber_001 - ***Providing the valid login details***
2022-08-20 12:08:02,057 [main] INFO project_cucumber_001 - ****Clicking the login button****
2022-08-20 12:08:12,569 [main] INFO project_cucumber_001 - ****Getting the actual homepage title*****
2022-08-20 12:08:12,581 [main] INFO project_cucumber_001 - ****Validating the actual and Expected title of Homepage*****
2022-08-20 12:08:12,582 [main] INFO project_cucumber_001 - ***Printing the HomePage Title***
2022-08-20 12:08:12,582 [main] INFO project_cucumber_001 - ***Clicking the logout button***
2022-08-20 12:08:19,244 [main] INFO project_cucumber_001 - ***Getting the login page Title***
2022-08-20 12:08:19,262 [main] INFO project_cucumber_001 - ****Validating the actual and Expected title of Loginpage*****
2022-08-20 12:08:19,262 [main] INFO project_cucumber_001 - ****Printing the LoginPage title****
2022-08-20 12:08:19,262 [main] INFO project_cucumber_001 - ***Closing the browser***
2022-08-20 12:17:06,377 [main] INFO project_cucumber_001 - *****Browser started to launch*****
2022-08-20 12:17:10,134 [main] INFO project_cucumber_001 - ****Opening the URL****
2022-08-20 12:17:43,097 [main] INFO project_cucumber_001 - ***Providing the valid login details***
2022-08-20 12:17:43,448 [main] INFO project_cucumber_001 - ****Clicking the login button****
2022-08-20 12:17:56,415 [main] INFO project_cucumber_001 - ***Initializing the addcustomerpage object***
2022-08-20 12:17:56,421 [main] INFO project_cucumber_001 - ***Getting the addcustomer page title***
2022-08-20 12:17:56,439 [main] INFO project_cucumber_001 - ****Clicking the customer menu option***
2022-08-20 12:17:59,542 [main] INFO project_cucumber_001 - ***Getting the customers option text and validating the text with expected text***
2022-08-20 12:17:59,592 [main] INFO project_cucumber_001 - ****clicking the customers option****
2022-08-20 12:18:06,370 [main] INFO project_cucumber_001 - ****Initializing the SearchCustomerpage object***
2022-08-20 12:18:06,375 [main] INFO project_cucumber_001 - ***Entering the emailID to search customer***
2022-08-20 12:18:06,626 [main] INFO project_cucumber_001 - ***Clicking the search button***
2022-08-20 12:18:18,103 [main] INFO project_cucumber_001 - *****Closing the browser****
2022-08-20 12:18:18,332 [main] INFO project_cucumber_001 - *****Browser started to launch*****
2022-08-20 12:18:20,242 [main] INFO project_cucumber_001 - ****Opening the URL****
2022-08-20 12:18:23,102 [main] INFO project_cucumber_001 - ***Providing the valid login details***
2022-08-20 12:18:23,428 [main] INFO project_cucumber_001 - ****Clicking the login button****
2022-08-20 12:18:29,484 [main] INFO project_cucumber_001 - ****Getting the actual homepage title*****
2022-08-20 12:18:29,498 [main] INFO project_cucumber_001 - ****Validating the actual and Expected title of Homepage*****
2022-08-20 12:18:29,499 [main] INFO project_cucumber_001 - ***Printing the HomePage Title***
2022-08-20 12:18:29,500 [main] INFO project_cucumber_001 - ***Clicking the logout button***
2022-08-20 12:18:35,212 [main] INFO project_cucumber_001 - ***Getting the login page Title***
2022-08-20 12:18:35,221 [main] INFO project_cucumber_001 - ****Validating the actual and Expected title of Loginpage*****
2022-08-20 12:18:35,221 [main] INFO project_cucumber_001 - ****Printing the LoginPage title****
2022-08-20 12:18:35,221 [main] INFO project_cucumber_001 - ***Closing the browser***
2022-08-20 12:25:27,993 [main] INFO project_cucumber_001 - *****Browser started to launch*****
2022-08-20 12:25:31,864 [main] INFO project_cucumber_001 - ****Opening the URL****
2022-08-20 12:25:33,681 [main] INFO project_cucumber_001 - *****Browser started to launch*****
2022-08-20 12:25:35,457 [main] INFO project_cucumber_001 - ****Opening the URL****
2022-08-20 12:25:39,427 [main] INFO project_cucumber_001 - ***Providing the valid login details***
2022-08-20 12:25:39,782 [main] INFO project_cucumber_001 - ****Clicking the login button****
2022-08-20 12:27:57,515 [main] INFO project_cucumber_001 - *****Browser started to launch*****
2022-08-20 12:28:01,472 [main] INFO project_cucumber_001 - ****Opening the URL****
2022-08-20 12:28:05,202 [main] INFO project_cucumber_001 - ***Providing the valid login details***
2022-08-20 12:28:05,516 [main] INFO project_cucumber_001 - ****Clicking the login button****
2022-08-20 12:28:12,533 [main] INFO project_cucumber_001 - ***Initializing the addcustomerpage object***
2022-08-20 12:28:12,546 [main] INFO project_cucumber_001 - ***Getting the addcustomer page title***
2022-08-20 12:28:12,557 [main] INFO project_cucumber_001 - ****Clicking the customer menu option***
2022-08-20 12:28:15,679 [main] INFO project_cucumber_001 - ***Getting the customers option text and validating the text with expected text***
2022-08-20 12:29:52,392 [main] INFO project_cucumber_001 - *****Browser started to launch*****
2022-08-20 12:38:40,067 [main] INFO project_cucumber_001 - *****Browser started to launch*****
2022-08-20 12:51:38,437 [main] INFO project_cucumber_001 - *****Browser started to launch*****
2022-08-20 12:51:41,959 [main] INFO project_cucumber_001 - ****Opening the URL****
2022-08-20 12:51:46,587 [main] INFO project_cucumber_001 - ***Providing the valid login details***
2022-08-20 12:51:46,942 [main] INFO project_cucumber_001 - ****Clicking the login button****
2022-08-20 12:51:56,913 [main] INFO project_cucumber_001 - ***Initializing the addcustomerpage object***
2022-08-20 12:51:56,931 [main] INFO project_cucumber_001 - ***Getting the addcustomer page title***
2022-08-20 12:51:56,961 [main] INFO project_cucumber_001 - ****Clicking the customer menu option***
2022-08-20 12:52:00,094 [main] INFO project_cucumber_001 - ***Getting the customers option text and validating the text with expected text***
2022-08-20 12:52:00,137 [main] INFO project_cucumber_001 - ****clicking the customers option****
2022-08-20 12:52:06,928 [main] INFO project_cucumber_001 - ****Initializing the SearchCustomerpage object***
2022-08-20 12:52:06,931 [main] INFO project_cucumber_001 - ***Entering the emailID to search customer***
2022-08-20 12:52:07,194 [main] INFO project_cucumber_001 - ***Clicking the search button***
2022-08-20 12:52:21,897 [main] INFO project_cucumber_001 - *****Closing the browser****
2022-08-20 12:52:22,106 [main] INFO project_cucumber_001 - *****Browser started to launch*****
2022-08-20 12:52:23,821 [main] INFO project_cucumber_001 - ****Opening the URL****
2022-08-20 12:52:28,004 [main] INFO project_cucumber_001 - ***Providing the valid login details***
2022-08-20 12:52:28,331 [main] INFO project_cucumber_001 - ****Clicking the login button****
2022-08-20 12:59:32,428 [main] INFO project_cucumber_001 - *****Browser started to launch*****
2022-08-20 18:47:56,371 [main] INFO project_cucumber_001 - *****Browser started to launch*****
2022-08-20 18:48:03,494 [main] INFO project_cucumber_001 - ****Opening the URL****
2022-08-20 18:48:08,645 [main] INFO project_cucumber_001 - ***Providing the valid login details***
2022-08-20 18:48:08,837 [main] INFO project_cucumber_001 - ****Clicking the login button****
2022-08-20 18:48:15,352 [main] INFO project_cucumber_001 - ***Initializing the addcustomerpage object***
2022-08-20 18:48:15,352 [main] INFO project_cucumber_001 - ***Getting the addcustomer page title***
2022-08-20 18:48:15,367 [main] INFO project_cucumber_001 - ****Clicking the customer menu option***
2022-08-20 18:48:18,438 [main] INFO project_cucumber_001 - ***Getting the customers option text and validating the text with expected text***
2022-08-20 18:48:18,464 [main] INFO project_cucumber_001 - ****clicking the customers option****
2022-08-20 18:48:24,213 [main] INFO project_cucumber_001 - ****Initializing the SearchCustomerpage object***
2022-08-20 18:48:24,213 [main] INFO project_cucumber_001 - ***Entering the emailID to search customer***
2022-08-20 18:48:24,356 [main] INFO project_cucumber_001 - ***Clicking the search button***
2022-08-20 18:48:35,695 [main] INFO project_cucumber_001 - *****Closing the browser****
2022-08-20 18:48:35,884 [main] INFO project_cucumber_001 - *****Browser started to launch*****
2022-08-20 18:48:37,512 [main] INFO project_cucumber_001 - ****Opening the URL****
2022-08-20 18:48:43,409 [main] INFO project_cucumber_001 - ***Providing the valid login details***
2022-08-20 18:48:43,600 [main] INFO project_cucumber_001 - ****Clicking the login button****
2022-08-20 18:48:50,460 [main] INFO project_cucumber_001 - ****Getting the actual homepage title*****
2022-08-20 18:48:50,460 [main] INFO project_cucumber_001 - ****Validating the actual and Expected title of Homepage*****
2022-08-20 18:48:50,460 [main] INFO project_cucumber_001 - ***Printing the HomePage Title***
2022-08-20 18:48:50,460 [main] INFO project_cucumber_001 - ***Clicking the logout button***
2022-08-20 18:48:56,196 [main] INFO project_cucumber_001 - ***Getting the login page Title***
2022-08-20 18:48:56,198 [main] INFO project_cucumber_001 - ****Validating the actual and Expected title of Loginpage*****
2022-08-20 18:48:56,198 [main] INFO project_cucumber_001 - ****Printing the LoginPage title****
2022-08-20 18:48:56,198 [main] INFO project_cucumber_001 - ***Closing the browser***
2022-08-20 18:51:26,433 [main] INFO project_cucumber_001 - *****Browser started to launch*****
2022-08-20 18:51:29,200 [main] INFO project_cucumber_001 - ****Opening the URL****
2022-08-20 18:51:31,650 [main] INFO project_cucumber_001 - *****Browser started to launch*****
2022-08-20 18:51:33,355 [main] INFO project_cucumber_001 - ****Opening the URL****
2022-08-20 18:58:10,015 [main] INFO project_cucumber_001 - *****Browser started to launch*****
2022-08-20 18:58:12,890 [main] INFO project_cucumber_001 - ****Opening the URL****
2022-08-20 18:58:16,814 [main] INFO project_cucumber_001 - ***Providing the valid login details***
2022-08-20 18:58:17,011 [main] INFO project_cucumber_001 - ****Clicking the login button****
2022-08-20 18:58:23,890 [main] INFO project_cucumber_001 - ***Initializing the addcustomerpage object***
2022-08-20 18:58:23,890 [main] INFO project_cucumber_001 - ***Getting the addcustomer page title***
2022-08-20 18:58:23,905 [main] INFO project_cucumber_001 - ****Clicking the customer menu option***
2022-08-20 18:58:26,968 [main] INFO project_cucumber_001 - ***Getting the customers option text and validating the text with expected text***
2022-08-20 18:58:26,984 [main] INFO project_cucumber_001 - ****clicking the customers option****
2022-08-20 18:58:32,333 [main] INFO project_cucumber_001 - ****Initializing the SearchCustomerpage object***
2022-08-20 18:58:32,333 [main] INFO project_cucumber_001 - ***Entering the emailID to search customer***
2022-08-20 18:58:32,500 [main] INFO project_cucumber_001 - ***Clicking the search button***
2022-08-20 18:58:44,063 [main] INFO project_cucumber_001 - *****Closing the browser****
2022-08-20 18:58:44,219 [main] INFO project_cucumber_001 - *****Browser started to launch*****
2022-08-20 18:58:45,799 [main] INFO project_cucumber_001 - ****Opening the URL****
2022-08-20 18:58:48,525 [main] INFO project_cucumber_001 - ***Providing the valid login details***
2022-08-20 18:58:48,711 [main] INFO project_cucumber_001 - ****Clicking the login button****
2022-08-20 18:58:54,803 [main] INFO project_cucumber_001 - ****Getting the actual homepage title*****
2022-08-20 18:58:54,803 [main] INFO project_cucumber_001 - ****Validating the actual and Expected title of Homepage*****
2022-08-20 18:58:54,803 [main] INFO project_cucumber_001 - ***Printing the HomePage Title***
2022-08-20 18:58:54,803 [main] INFO project_cucumber_001 - ***Clicking the logout button***
2022-08-20 18:59:07,753 [main] INFO project_cucumber_001 - ***Getting the login page Title***
2022-08-20 18:59:07,761 [main] INFO project_cucumber_001 - ****Validating the actual and Expected title of Loginpage*****
2022-08-20 18:59:07,762 [main] INFO project_cucumber_001 - ****Printing the LoginPage title****
2022-08-20 18:59:07,762 [main] INFO project_cucumber_001 - ***Closing the browser***
2022-08-20 19:14:55,414 [main] INFO project_cucumber_001 - *****Browser started to launch*****
2022-08-20 19:14:58,389 [main] INFO project_cucumber_001 - ****Opening the URL****
2022-08-20 19:15:00,197 [main] INFO project_cucumber_001 - *****Browser started to launch*****
2022-08-20 19:15:02,341 [main] INFO project_cucumber_001 - ****Opening the URL****
2022-08-20 19:16:23,767 [main] INFO project_cucumber_001 - *****Browser started to launch*****
2022-08-20 19:16:26,576 [main] INFO project_cucumber_001 - ****Opening the URL****
2022-08-20 19:16:30,779 [main] INFO project_cucumber_001 - ***Providing the valid login details***
2022-08-20 19:16:30,968 [main] INFO project_cucumber_001 - ****Clicking the login button****
2022-08-20 19:16:39,003 [main] INFO project_cucumber_001 - ***Initializing the addcustomerpage object***
2022-08-20 19:16:39,003 [main] INFO project_cucumber_001 - ***Getting the addcustomer page title***
2022-08-20 19:16:39,019 [main] INFO project_cucumber_001 - ****Clicking the customer menu option***
2022-08-20 19:16:42,093 [main] INFO project_cucumber_001 - ***Getting the customers option text and validating the text with expected text***
2022-08-20 19:16:42,109 [main] INFO project_cucumber_001 - ****clicking the customers option****
2022-08-20 19:16:47,596 [main] INFO project_cucumber_001 - ****Initializing the SearchCustomerpage object***
2022-08-20 19:16:47,596 [main] INFO project_cucumber_001 - ***Entering the emailID to search customer***
2022-08-20 19:16:47,742 [main] INFO project_cucumber_001 - ***Clicking the search button***
2022-08-20 19:17:08,292 [main] INFO project_cucumber_001 - *****Closing the browser****
2022-08-20 19:17:08,451 [main] INFO project_cucumber_001 - *****Browser started to launch*****
2022-08-20 19:17:09,886 [main] INFO project_cucumber_001 - ****Opening the URL****
2022-08-20 19:17:41,440 [main] INFO project_cucumber_001 - ***Providing the valid login details***
2022-08-20 19:17:41,626 [main] INFO project_cucumber_001 - ****Clicking the login button****
2022-08-20 19:17:57,302 [main] INFO project_cucumber_001 - ****Getting the actual homepage title*****
2022-08-20 19:17:57,302 [main] INFO project_cucumber_001 - ****Validating the actual and Expected title of Homepage*****
2022-08-20 19:17:57,302 [main] INFO project_cucumber_001 - ***Printing the HomePage Title***
2022-08-20 19:17:57,302 [main] INFO project_cucumber_001 - ***Clicking the logout button***
2022-08-20 19:18:02,919 [main] INFO project_cucumber_001 - ***Getting the login page Title***
2022-08-20 19:18:02,935 [main] INFO project_cucumber_001 - ****Validating the actual and Expected title of Loginpage*****
2022-08-20 19:18:02,935 [main] INFO project_cucumber_001 - ****Printing the LoginPage title****
2022-08-20 19:18:02,935 [main] INFO project_cucumber_001 - ***Closing the browser***
2022-08-20 19:28:59,069 [main] INFO project_cucumber_001 - *****Browser started to launch*****
2022-08-20 19:29:01,936 [main] INFO project_cucumber_001 - ****Opening the URL****
2022-08-20 19:29:06,431 [main] INFO project_cucumber_001 - ***Providing the valid login details***
2022-08-20 19:29:06,623 [main] INFO project_cucumber_001 - ****Clicking the login button****
2022-08-20 19:29:14,376 [main] INFO project_cucumber_001 - ***Initializing the addcustomerpage object***
2022-08-20 19:29:14,376 [main] INFO project_cucumber_001 - ***Getting the addcustomer page title***
2022-08-20 19:29:14,392 [main] INFO project_cucumber_001 - ****Clicking the customer menu option***
2022-08-20 19:29:17,466 [main] INFO project_cucumber_001 - ***Getting the customers option text and validating the text with expected text***
2022-08-20 19:29:17,488 [main] INFO project_cucumber_001 - ****clicking the customers option****
2022-08-20 19:29:22,958 [main] INFO project_cucumber_001 - ****Initializing the SearchCustomerpage object***
2022-08-20 19:29:22,958 [main] INFO project_cucumber_001 - ***Entering the emailID to search customer***
2022-08-20 19:29:23,103 [main] INFO project_cucumber_001 - ***Clicking the search button***
2022-08-20 19:29:34,628 [main] INFO project_cucumber_001 - *****Closing the browser****
2022-08-20 19:29:34,815 [main] INFO project_cucumber_001 - *****Browser started to launch*****
2022-08-20 19:29:36,153 [main] INFO project_cucumber_001 - ****Opening the URL****
2022-08-20 19:29:38,900 [main] INFO project_cucumber_001 - ***Providing the valid login details***
2022-08-20 19:29:39,095 [main] INFO project_cucumber_001 - ****Clicking the login button****
2022-08-20 19:29:45,125 [main] INFO project_cucumber_001 - ****Getting the actual homepage title*****
2022-08-20 19:29:45,125 [main] INFO project_cucumber_001 - ****Validating the actual and Expected title of Homepage*****
2022-08-20 19:29:45,125 [main] INFO project_cucumber_001 - ***Printing the HomePage Title***
2022-08-20 19:29:45,125 [main] INFO project_cucumber_001 - ***Clicking the logout button***
2022-08-20 19:29:50,687 [main] INFO project_cucumber_001 - ***Getting the login page Title***
2022-08-20 19:29:50,687 [main] INFO project_cucumber_001 - ****Validating the actual and Expected title of Loginpage*****
2022-08-20 19:29:50,687 [main] INFO project_cucumber_001 - ****Printing the LoginPage title****
2022-08-20 19:29:50,687 [main] INFO project_cucumber_001 - ***Closing the browser***
